<?xml version="1.0" encoding="UTF-8"?>
<testng-results ignored="0" total="1" passed="1" failed="0" skipped="0">
  <reporter-output>
  </reporter-output>
  <suite started-at="2023-07-04T14:35:14 IST" name="Suite" finished-at="2023-07-04T14:35:19 IST" duration-ms="4774">
    <groups>
    </groups>
    <test started-at="2023-07-04T14:35:14 IST" name="Test" finished-at="2023-07-04T14:35:19 IST" duration-ms="4774">
      <class name="Practice.DemoFlipkart">
        <test-method is-config="true" signature="setup()[pri:0, instance:Practice.DemoFlipkart@13c9d689]" started-at="2023-07-04T14:35:14 IST" name="setup" finished-at="2023-07-04T14:35:19 IST" duration-ms="4257" status="PASS">
          <reporter-output>
          </reporter-output>
        </test-method> <!-- setup -->
        <test-method signature="tesScript()[pri:0, instance:Practice.DemoFlipkart@13c9d689]" started-at="2023-07-04T14:35:19 IST" name="tesScript" finished-at="2023-07-04T14:35:19 IST" duration-ms="481" status="PASS">
          <reporter-output>
          </reporter-output>
        </test-method> <!-- tesScript -->
        <test-method is-config="true" signature="tearDown()[pri:0, instance:Practice.DemoFlipkart@13c9d689]" started-at="2023-07-04T14:35:19 IST" name="tearDown" finished-at="2023-07-04T14:35:19 IST" duration-ms="0" status="PASS">
          <reporter-output>
          </reporter-output>
        </test-method> <!-- tearDown -->
      </class> <!-- Practice.DemoFlipkart -->
    </test> <!-- Test -->
  </suite> <!-- Suite -->
</testng-results>
